<?xml version="1.0" encoding="UTF-8"?>
<!-- Generated by org.testng.reporters.JUnitReportReporter -->
<testsuite skipped="0" hostname="MININT-VCD7MHJ" name="TestCreateXml" tests="1" failures="0" timestamp="14 feb 2019 09:35:54 GMT" time="0.074" errors="0">
  <testcase name="testXmlCreation" time="0.074" classname="TestCreateXml"/>
</testsuite> <!-- TestCreateXml -->
